2024-12-21T00:33:42.600+05:30  INFO 18100 --- [asksmtv] [restartedMain] com.asksmt.asksmtv.AsksmtvApplication    : Starting AsksmtvApplication using Java 17.0.6 with PID 18100 (E:\Workspace\ASKBILL\asksmtv\target\classes started by Speed in E:\Workspace\ASKBILL\asksmtv)
2024-12-21T00:33:42.604+05:30  INFO 18100 --- [asksmtv] [restartedMain] com.asksmt.asksmtv.AsksmtvApplication    : No active profile set, falling back to 1 default profile: "default"
2024-12-21T00:33:42.674+05:30  INFO 18100 --- [asksmtv] [restartedMain] .e.DevToolsPropertyDefaultsPostProcessor : Devtools property defaults active! Set 'spring.devtools.add-properties' to 'false' to disable
2024-12-21T00:33:42.674+05:30  INFO 18100 --- [asksmtv] [restartedMain] .e.DevToolsPropertyDefaultsPostProcessor : For additional web related logging consider setting the 'logging.level.web' property to 'DEBUG'
2024-12-21T00:33:43.470+05:30  INFO 18100 --- [asksmtv] [restartedMain] .s.d.r.c.RepositoryConfigurationDelegate : Bootstrapping Spring Data JPA repositories in DEFAULT mode.
2024-12-21T00:33:43.544+05:30  INFO 18100 --- [asksmtv] [restartedMain] .s.d.r.c.RepositoryConfigurationDelegate : Finished Spring Data repository scanning in 65 ms. Found 1 JPA repository interface.
2024-12-21T00:33:44.196+05:30  INFO 18100 --- [asksmtv] [restartedMain] o.s.b.w.embedded.tomcat.TomcatWebServer  : Tomcat initialized with port 8080 (http)
2024-12-21T00:33:44.210+05:30  INFO 18100 --- [asksmtv] [restartedMain] o.apache.catalina.core.StandardService   : Starting service [Tomcat]
2024-12-21T00:33:44.210+05:30  INFO 18100 --- [asksmtv] [restartedMain] o.apache.catalina.core.StandardEngine    : Starting Servlet engine: [Apache Tomcat/10.1.34]
2024-12-21T00:33:44.263+05:30  INFO 18100 --- [asksmtv] [restartedMain] o.a.c.c.C.[Tomcat].[localhost].[/]       : Initializing Spring embedded WebApplicationContext
2024-12-21T00:33:44.264+05:30  INFO 18100 --- [asksmtv] [restartedMain] w.s.c.ServletWebServerApplicationContext : Root WebApplicationContext: initialization completed in 1589 ms
2024-12-21T00:33:44.430+05:30  INFO 18100 --- [asksmtv] [restartedMain] o.hibernate.jpa.internal.util.LogHelper  : HHH000204: Processing PersistenceUnitInfo [name: default]
2024-12-21T00:33:44.510+05:30  INFO 18100 --- [asksmtv] [restartedMain] org.hibernate.Version                    : HHH000412: Hibernate ORM core version 6.6.4.Final
2024-12-21T00:33:44.555+05:30  INFO 18100 --- [asksmtv] [restartedMain] o.h.c.internal.RegionFactoryInitiator    : HHH000026: Second-level cache disabled
2024-12-21T00:33:44.967+05:30  INFO 18100 --- [asksmtv] [restartedMain] o.s.o.j.p.SpringPersistenceUnitInfo      : No LoadTimeWeaver setup: ignoring JPA class transformer
2024-12-21T00:33:45.003+05:30  INFO 18100 --- [asksmtv] [restartedMain] com.zaxxer.hikari.HikariDataSource       : HikariPool-1 - Starting...
2024-12-21T00:33:45.585+05:30  INFO 18100 --- [asksmtv] [restartedMain] com.zaxxer.hikari.pool.HikariPool        : HikariPool-1 - Added connection com.mysql.cj.jdbc.ConnectionImpl@78b938a7
2024-12-21T00:33:45.587+05:30  INFO 18100 --- [asksmtv] [restartedMain] com.zaxxer.hikari.HikariDataSource       : HikariPool-1 - Start completed.
2024-12-21T00:33:45.794+05:30  INFO 18100 --- [asksmtv] [restartedMain] org.hibernate.orm.connections.pooling    : HHH10001005: Database info:
	Database JDBC URL [Connecting through datasource 'HikariDataSource (HikariPool-1)']
	Database driver: undefined/unknown
	Database version: 8.0.28
	Autocommit mode: undefined/unknown
	Isolation level: undefined/unknown
	Minimum pool size: undefined/unknown
	Maximum pool size: undefined/unknown
2024-12-21T00:33:46.641+05:30  INFO 18100 --- [asksmtv] [restartedMain] o.h.e.t.j.p.i.JtaPlatformInitiator       : HHH000489: No JTA platform available (set 'hibernate.transaction.jta.platform' to enable JTA platform integration)
2024-12-21T00:33:46.867+05:30  INFO 18100 --- [asksmtv] [restartedMain] j.LocalContainerEntityManagerFactoryBean : Initialized JPA EntityManagerFactory for persistence unit 'default'
2024-12-21T00:33:47.203+05:30  WARN 18100 --- [asksmtv] [restartedMain] JpaBaseConfiguration$JpaWebConfiguration : spring.jpa.open-in-view is enabled by default. Therefore, database queries may be performed during view rendering. Explicitly configure spring.jpa.open-in-view to disable this warning
2024-12-21T00:33:47.570+05:30  INFO 18100 --- [asksmtv] [restartedMain] o.s.b.d.a.OptionalLiveReloadServer       : LiveReload server is running on port 35729
2024-12-21T00:33:47.600+05:30  INFO 18100 --- [asksmtv] [restartedMain] o.s.b.w.embedded.tomcat.TomcatWebServer  : Tomcat started on port 8080 (http) with context path '/'
2024-12-21T00:33:47.609+05:30  INFO 18100 --- [asksmtv] [restartedMain] com.asksmt.asksmtv.AsksmtvApplication    : Started AsksmtvApplication in 5.527 seconds (process running for 6.142)
2024-12-21T00:36:37.526+05:30  INFO 18100 --- [asksmtv] [http-nio-8080-exec-1] o.a.c.c.C.[Tomcat].[localhost].[/]       : Initializing Spring DispatcherServlet 'dispatcherServlet'
2024-12-21T00:36:37.541+05:30  INFO 18100 --- [asksmtv] [http-nio-8080-exec-1] o.s.web.servlet.DispatcherServlet        : Initializing Servlet 'dispatcherServlet'
2024-12-21T00:36:37.660+05:30  INFO 18100 --- [asksmtv] [http-nio-8080-exec-1] o.s.web.servlet.DispatcherServlet        : Completed initialization in 119 ms
2024-12-21T00:38:40.521+05:30  WARN 18100 --- [asksmtv] [http-nio-8080-exec-8] .w.s.m.s.DefaultHandlerExceptionResolver : Resolved [org.springframework.web.method.annotation.MethodArgumentTypeMismatchException: Method parameter 'id': Failed to convert value of type 'java.lang.String' to required type 'java.lang.Long'; For input string: "all"]
2024-12-21T00:39:36.675+05:30  WARN 18100 --- [asksmtv] [http-nio-8080-exec-3] .w.s.m.s.DefaultHandlerExceptionResolver : Resolved [org.springframework.web.HttpRequestMethodNotSupportedException: Request method 'DELETE' is not supported]
2024-12-21T00:40:22.973+05:30  INFO 18100 --- [asksmtv] [SpringApplicationShutdownHook] o.s.b.w.e.tomcat.GracefulShutdown        : Commencing graceful shutdown. Waiting for active requests to complete
2024-12-21T00:40:23.032+05:30  INFO 18100 --- [asksmtv] [tomcat-shutdown] o.s.b.w.e.tomcat.GracefulShutdown        : Graceful shutdown complete
2024-12-21T00:40:23.044+05:30  INFO 18100 --- [asksmtv] [SpringApplicationShutdownHook] j.LocalContainerEntityManagerFactoryBean : Closing JPA EntityManagerFactory for persistence unit 'default'
2024-12-21T00:40:23.059+05:30  INFO 18100 --- [asksmtv] [SpringApplicationShutdownHook] com.zaxxer.hikari.HikariDataSource       : HikariPool-1 - Shutdown initiated...
2024-12-21T00:40:23.080+05:30  INFO 18100 --- [asksmtv] [SpringApplicationShutdownHook] com.zaxxer.hikari.HikariDataSource       : HikariPool-1 - Shutdown completed.
2024-12-21T00:40:35.750+05:30  INFO 2452 --- [asksmtv] [restartedMain] com.asksmt.asksmtv.AsksmtvApplication    : Starting AsksmtvApplication using Java 17.0.6 with PID 2452 (E:\Workspace\ASKBILL\asksmtv\target\classes started by Speed in E:\Workspace\ASKBILL\asksmtv)
2024-12-21T00:40:35.753+05:30  INFO 2452 --- [asksmtv] [restartedMain] com.asksmt.asksmtv.AsksmtvApplication    : No active profile set, falling back to 1 default profile: "default"
2024-12-21T00:40:35.832+05:30  INFO 2452 --- [asksmtv] [restartedMain] .e.DevToolsPropertyDefaultsPostProcessor : Devtools property defaults active! Set 'spring.devtools.add-properties' to 'false' to disable
2024-12-21T00:40:35.832+05:30  INFO 2452 --- [asksmtv] [restartedMain] .e.DevToolsPropertyDefaultsPostProcessor : For additional web related logging consider setting the 'logging.level.web' property to 'DEBUG'
2024-12-21T00:40:36.536+05:30  INFO 2452 --- [asksmtv] [restartedMain] .s.d.r.c.RepositoryConfigurationDelegate : Bootstrapping Spring Data JPA repositories in DEFAULT mode.
2024-12-21T00:40:36.613+05:30  INFO 2452 --- [asksmtv] [restartedMain] .s.d.r.c.RepositoryConfigurationDelegate : Finished Spring Data repository scanning in 66 ms. Found 1 JPA repository interface.
2024-12-21T00:40:37.280+05:30  INFO 2452 --- [asksmtv] [restartedMain] o.s.b.w.embedded.tomcat.TomcatWebServer  : Tomcat initialized with port 8080 (http)
2024-12-21T00:40:37.295+05:30  INFO 2452 --- [asksmtv] [restartedMain] o.apache.catalina.core.StandardService   : Starting service [Tomcat]
2024-12-21T00:40:37.296+05:30  INFO 2452 --- [asksmtv] [restartedMain] o.apache.catalina.core.StandardEngine    : Starting Servlet engine: [Apache Tomcat/10.1.34]
2024-12-21T00:40:37.351+05:30  INFO 2452 --- [asksmtv] [restartedMain] o.a.c.c.C.[Tomcat].[localhost].[/]       : Initializing Spring embedded WebApplicationContext
2024-12-21T00:40:37.352+05:30  INFO 2452 --- [asksmtv] [restartedMain] w.s.c.ServletWebServerApplicationContext : Root WebApplicationContext: initialization completed in 1520 ms
2024-12-21T00:40:37.527+05:30  INFO 2452 --- [asksmtv] [restartedMain] o.hibernate.jpa.internal.util.LogHelper  : HHH000204: Processing PersistenceUnitInfo [name: default]
2024-12-21T00:40:37.607+05:30  INFO 2452 --- [asksmtv] [restartedMain] org.hibernate.Version                    : HHH000412: Hibernate ORM core version 6.6.4.Final
2024-12-21T00:40:37.652+05:30  INFO 2452 --- [asksmtv] [restartedMain] o.h.c.internal.RegionFactoryInitiator    : HHH000026: Second-level cache disabled
2024-12-21T00:40:37.999+05:30  INFO 2452 --- [asksmtv] [restartedMain] o.s.o.j.p.SpringPersistenceUnitInfo      : No LoadTimeWeaver setup: ignoring JPA class transformer
2024-12-21T00:40:38.036+05:30  INFO 2452 --- [asksmtv] [restartedMain] com.zaxxer.hikari.HikariDataSource       : HikariPool-1 - Starting...
2024-12-21T00:40:38.506+05:30  INFO 2452 --- [asksmtv] [restartedMain] com.zaxxer.hikari.pool.HikariPool        : HikariPool-1 - Added connection com.mysql.cj.jdbc.ConnectionImpl@30a3a0c1
2024-12-21T00:40:38.508+05:30  INFO 2452 --- [asksmtv] [restartedMain] com.zaxxer.hikari.HikariDataSource       : HikariPool-1 - Start completed.
2024-12-21T00:40:38.623+05:30  INFO 2452 --- [asksmtv] [restartedMain] org.hibernate.orm.connections.pooling    : HHH10001005: Database info:
	Database JDBC URL [Connecting through datasource 'HikariDataSource (HikariPool-1)']
	Database driver: undefined/unknown
	Database version: 8.0.28
	Autocommit mode: undefined/unknown
	Isolation level: undefined/unknown
	Minimum pool size: undefined/unknown
	Maximum pool size: undefined/unknown
2024-12-21T00:40:39.433+05:30  INFO 2452 --- [asksmtv] [restartedMain] o.h.e.t.j.p.i.JtaPlatformInitiator       : HHH000489: No JTA platform available (set 'hibernate.transaction.jta.platform' to enable JTA platform integration)
2024-12-21T00:40:39.529+05:30  INFO 2452 --- [asksmtv] [restartedMain] j.LocalContainerEntityManagerFactoryBean : Initialized JPA EntityManagerFactory for persistence unit 'default'
2024-12-21T00:40:39.845+05:30  WARN 2452 --- [asksmtv] [restartedMain] JpaBaseConfiguration$JpaWebConfiguration : spring.jpa.open-in-view is enabled by default. Therefore, database queries may be performed during view rendering. Explicitly configure spring.jpa.open-in-view to disable this warning
2024-12-21T00:40:40.168+05:30  INFO 2452 --- [asksmtv] [restartedMain] o.s.b.d.a.OptionalLiveReloadServer       : LiveReload server is running on port 35729
2024-12-21T00:40:40.203+05:30  INFO 2452 --- [asksmtv] [restartedMain] o.s.b.w.embedded.tomcat.TomcatWebServer  : Tomcat started on port 8080 (http) with context path '/'
2024-12-21T00:40:40.212+05:30  INFO 2452 --- [asksmtv] [restartedMain] com.asksmt.asksmtv.AsksmtvApplication    : Started AsksmtvApplication in 4.958 seconds (process running for 5.49)
2024-12-21T00:40:51.460+05:30  INFO 2452 --- [asksmtv] [http-nio-8080-exec-1] o.a.c.c.C.[Tomcat].[localhost].[/]       : Initializing Spring DispatcherServlet 'dispatcherServlet'
2024-12-21T00:40:51.461+05:30  INFO 2452 --- [asksmtv] [http-nio-8080-exec-1] o.s.web.servlet.DispatcherServlet        : Initializing Servlet 'dispatcherServlet'
2024-12-21T00:40:51.463+05:30  INFO 2452 --- [asksmtv] [http-nio-8080-exec-1] o.s.web.servlet.DispatcherServlet        : Completed initialization in 2 ms
2024-12-21T00:42:00.706+05:30  INFO 2452 --- [asksmtv] [SpringApplicationShutdownHook] o.s.b.w.e.tomcat.GracefulShutdown        : Commencing graceful shutdown. Waiting for active requests to complete
2024-12-21T00:42:00.758+05:30  INFO 2452 --- [asksmtv] [tomcat-shutdown] o.s.b.w.e.tomcat.GracefulShutdown        : Graceful shutdown complete
2024-12-21T00:42:00.762+05:30  INFO 2452 --- [asksmtv] [SpringApplicationShutdownHook] j.LocalContainerEntityManagerFactoryBean : Closing JPA EntityManagerFactory for persistence unit 'default'
2024-12-21T00:42:00.767+05:30  INFO 2452 --- [asksmtv] [SpringApplicationShutdownHook] com.zaxxer.hikari.HikariDataSource       : HikariPool-1 - Shutdown initiated...
2024-12-21T00:42:00.777+05:30  INFO 2452 --- [asksmtv] [SpringApplicationShutdownHook] com.zaxxer.hikari.HikariDataSource       : HikariPool-1 - Shutdown completed.
